<?xml version="1.0" encoding="UTF-8"?>
<!-- Generated by org.testng.reporters.JUnitReportReporter -->
<testsuite hostname="LAPTOP-B4QP48U0" failures="0" tests="1" name="TestCases.TC_LoginFunctionality_001" time="48.624" errors="0" timestamp="2024-07-19T18:07:59 IST" skipped="0">
  <testcase classname="TestCases.TC_LoginFunctionality_001" name="LoginTest" time="48.624"/>
</testsuite> <!-- TestCases.TC_LoginFunctionality_001 -->
